Platform 0 : Advanced Micro Devices, Inc.

Path Distance
0 158 40 70 72 27 75 52 8 176 126 75 64 166 85 97 158 192 143 70 169 72 76 15 34 176 43 194 159 0 35 171 


Path 
0 0 0 0 0 0 0 0 0 0 0 0 0 0 0 0 0 0 0 0 0 0 0 0 0 0 0 0 0 0 0 0 

Platform found : Advanced Micro Devices, Inc.

Selected Platform Vendor : Advanced Micro Devices, Inc.
Device 0 : Cypress Device ID is 0x265e200
Executing kernel for 1 iterations
-------------------------------------------
redundant wi = 5 
Aging enabled kernel: 
globalThreads = 1104, localThreads = 69  
numNodes = 32 
localThread = 69 globalThread = 1104 
faulty = 0 2 
faulty = 0 18 
faulty = 0 34 
faulty = 0 50 
red1 = 0 2 
red1 = 0 18 
faulty = 0 66 
red1 = 0 50 
red2 = 0 2 
localThread = 69 globalThread = 1104 
faulty = 0 2 
faulty = 0 18 
faulty = 0 34 
faulty = 0 50 
red1 = 0 2 
red1 = 0 18 
faulty = 0 66 
red1 = 0 50 
red2 = 0 2 
localThread = 69 globalThread = 1104 
faulty = 0 2 
faulty = 0 18 
faulty = 0 34 
faulty = 0 50 
red1 = 0 2 
red1 = 0 18 
faulty = 0 66 
red1 = 0 50 
red2 = 0 2 
localThread = 69 globalThread = 1104 
faulty = 0 2 
faulty = 0 18 
faulty = 0 34 
faulty = 0 50 
red1 = 0 2 
red1 = 0 18 
faulty = 0 66 
red1 = 0 50 
red2 = 0 2 
localThread = 69 globalThread = 1104 
faulty = 0 2 
faulty = 0 18 
faulty = 0 34 
faulty = 0 50 
red1 = 0 2 
red1 = 0 18 
faulty = 0 66 
red1 = 0 50 
red2 = 0 2 
localThread = 69 globalThread = 1104 
faulty = 0 2 
faulty = 0 18 
faulty = 0 34 
faulty = 0 50 
red1 = 0 2 
red1 = 0 18 
faulty = 0 66 
red1 = 0 50 
red2 = 0 2 
localThread = 69 globalThread = 1104 
faulty = 0 2 
faulty = 0 18 
faulty = 0 34 
faulty = 0 50 
red1 = 0 2 
red1 = 0 18 
faulty = 0 66 
red1 = 0 50 
red2 = 0 2 
localThread = 69 globalThread = 1104 
faulty = 0 2 
faulty = 0 18 
faulty = 0 34 
faulty = 0 50 
red1 = 0 2 
red1 = 0 18 
faulty = 0 66 
red1 = 0 50 
red2 = 0 2 
localThread = 69 globalThread = 1104 
faulty = 0 2 
faulty = 0 18 
faulty = 0 34 
faulty = 0 50 
red1 = 0 2 
red1 = 0 18 
faulty = 0 66 
red1 = 0 50 
red2 = 0 2 
localThread = 69 globalThread = 1104 
faulty = 0 2 
faulty = 0 18 
faulty = 0 34 
faulty = 0 50 
red1 = 0 2 
red1 = 0 18 
faulty = 0 66 
red1 = 0 50 
red2 = 0 2 
localThread = 69 globalThread = 1104 
faulty = 0 2 
faulty = 0 18 
faulty = 0 34 
faulty = 0 50 
red1 = 0 2 
red1 = 0 18 
faulty = 0 66 
red1 = 0 50 
red2 = 0 2 
localThread = 69 globalThread = 1104 
faulty = 0 2 
faulty = 0 18 
faulty = 0 34 
faulty = 0 50 
red1 = 0 2 
red1 = 0 18 
faulty = 0 66 
red1 = 0 50 
red2 = 0 2 
localThread = 69 globalThread = 1104 
faulty = 0 2 
faulty = 0 18 
faulty = 0 34 
faulty = 0 50 
red1 = 0 2 
red1 = 0 18 
faulty = 0 66 
red1 = 0 50 
red2 = 0 2 
localThread = 69 globalThread = 1104 
faulty = 0 2 
faulty = 0 18 
faulty = 0 34 
faulty = 0 50 
red1 = 0 2 
red1 = 0 18 
faulty = 0 66 
red1 = 0 50 
red2 = 0 2 
localThread = 69 globalThread = 1104 
faulty = 0 2 
faulty = 0 18 
faulty = 0 34 
faulty = 0 50 
red1 = 0 2 
red1 = 0 18 
faulty = 0 66 
red1 = 0 50 
red2 = 0 2 
localThread = 69 globalThread = 1104 
faulty = 0 2 
faulty = 0 18 
faulty = 0 34 
faulty = 0 50 
red1 = 0 2 
red1 = 0 18 
faulty = 0 66 
red1 = 0 50 
red2 = 0 2 
localThread = 69 globalThread = 1104 
faulty = 0 2 
faulty = 0 18 
faulty = 0 34 
faulty = 0 50 
red1 = 0 2 
red1 = 0 18 
faulty = 0 66 
red1 = 0 50 
red2 = 0 2 
localThread = 69 globalThread = 1104 
faulty = 0 2 
faulty = 0 18 
faulty = 0 34 
faulty = 0 50 
red1 = 0 2 
red1 = 0 18 
faulty = 0 66 
red1 = 0 50 
red2 = 0 2 
localThread = 69 globalThread = 1104 
faulty = 0 2 
faulty = 0 18 
faulty = 0 34 
faulty = 0 50 
red1 = 0 2 
red1 = 0 18 
faulty = 0 66 
red1 = 0 50 
red2 = 0 2 
localThread = 69 globalThread = 1104 
faulty = 0 2 
faulty = 0 18 
faulty = 0 34 
faulty = 0 50 
red1 = 0 2 
red1 = 0 18 
faulty = 0 66 
red1 = 0 50 
red2 = 0 2 
localThread = 69 globalThread = 1104 
faulty = 0 2 
faulty = 0 18 
faulty = 0 34 
faulty = 0 50 
red1 = 0 2 
red1 = 0 18 
faulty = 0 66 
red1 = 0 50 
red2 = 0 2 
localThread = 69 globalThread = 1104 
faulty = 0 2 
faulty = 0 18 
faulty = 0 34 
faulty = 0 50 
red1 = 0 2 
red1 = 0 18 
faulty = 0 66 
red1 = 0 50 
red2 = 0 2 
localThread = 69 globalThread = 1104 
faulty = 0 2 
faulty = 0 18 
faulty = 0 34 
faulty = 0 50 
red1 = 0 2 
red1 = 0 18 
faulty = 0 66 
red1 = 0 50 
red2 = 0 2 
localThread = 69 globalThread = 1104 
faulty = 0 2 
faulty = 0 18 
faulty = 0 34 
faulty = 0 50 
red1 = 0 2 
red1 = 0 18 
faulty = 0 66 
red1 = 0 50 
red2 = 0 2 
localThread = 69 globalThread = 1104 
faulty = 0 2 
faulty = 0 18 
faulty = 0 34 
faulty = 0 50 
red1 = 0 2 
red1 = 0 18 
faulty = 0 66 
red1 = 0 50 
red2 = 0 2 
localThread = 69 globalThread = 1104 
faulty = 0 2 
faulty = 0 18 
faulty = 0 34 
faulty = 0 50 
red1 = 0 2 
red1 = 0 18 
faulty = 0 66 
red1 = 0 50 
red2 = 0 2 
localThread = 69 globalThread = 1104 
faulty = 0 2 
faulty = 0 18 
faulty = 0 34 
faulty = 0 50 
red1 = 0 2 
red1 = 0 18 
faulty = 0 66 
red1 = 0 50 
red2 = 0 2 
localThread = 69 globalThread = 1104 
faulty = 0 2 
faulty = 0 18 
faulty = 0 34 
faulty = 0 50 
red1 = 0 2 
red1 = 0 18 
faulty = 0 66 
red1 = 0 50 
red2 = 0 2 
localThread = 69 globalThread = 1104 
faulty = 0 2 
faulty = 0 18 
faulty = 0 34 
faulty = 0 50 
red1 = 0 2 
red1 = 0 18 
faulty = 0 66 
red1 = 0 50 
red2 = 0 2 
localThread = 69 globalThread = 1104 
faulty = 0 2 
faulty = 0 18 
faulty = 0 34 
faulty = 0 50 
red1 = 0 2 
red1 = 0 18 
faulty = 0 66 
red1 = 0 50 
red2 = 0 2 
localThread = 69 globalThread = 1104 
faulty = 0 2 
faulty = 0 18 
faulty = 0 34 
faulty = 0 50 
red1 = 0 2 
red1 = 0 18 
faulty = 0 66 
red1 = 0 50 
red2 = 0 2 
localThread = 69 globalThread = 1104 
faulty = 0 2 
faulty = 0 18 
faulty = 0 34 
faulty = 0 50 
red1 = 0 2 
red1 = 0 18 
faulty = 0 66 
red1 = 0 50 
red2 = 0 2 

Output Path Distance Matrix
0 17 30 5 38 20 16 19 8 25 26 60 31 11 19 33 10 49 19 32 23 28 23 15 34 30 25 31 8 0 19 26 


Output Path Matrix
170930224 29 29 29 29 29 29 29 1684611180 29 29 29 29 29 29 29 29 29 29 29 29 29 29 1768843530 1818323316 29 29 29 29 2032155145 29 29 


Total kernel execution time = 1565.273 ms
Failed

